Analysis & Synthesis report for Down2StateDecrementer
Thu May 19 00:18:47 2022
Quartus Prime Version 19.1.0 Build 670 09/22/2019 SJ Lite Edition


---------------------
; Table of Contents ;
---------------------
  1. Legal Notice
  2. Analysis & Synthesis Summary
  3. Analysis & Synthesis Settings
  4. Parallel Compilation
  5. Analysis & Synthesis Source Files Read
  6. Analysis & Synthesis Resource Usage Summary
  7. Analysis & Synthesis Resource Utilization by Entity
  8. General Register Statistics
  9. Inverted Register Statistics
 10. Multiplexer Restructuring Statistics (Restructuring Performed)
 11. Parameter Settings for User Entity Instance: PulseGenerator1Hz:Hz1Lane
 12. Parameter Settings for User Entity Instance: PulseGenerator2Hz:Hz2Lane
 13. Port Connectivity Checks: "DeBounce:DebounceKEY1"
 14. Port Connectivity Checks: "DeBounce:DebounceKEY0"
 15. Post-Synthesis Netlist Statistics for Top Partition
 16. Elapsed Time Per Partition
 17. Analysis & Synthesis Messages



----------------
; Legal Notice ;
----------------
Copyright (C) 2019  Intel Corporation. All rights reserved.
Your use of Intel Corporation's design tools, logic functions 
and other software and tools, and any partner logic 
functions, and any output files from any of the foregoing 
(including device programming or simulation files), and any 
associated documentation or information are expressly subject 
to the terms and conditions of the Intel Program License 
Subscription Agreement, the Intel Quartus Prime License Agreement,
the Intel FPGA IP License Agreement, or other applicable license
agreement, including, without limitation, that your use is for
the sole purpose of programming logic devices manufactured by
Intel and sold by Intel or its authorized distributors.  Please
refer to the applicable agreement for further details, at
https://fpgasoftware.intel.com/eula.



+----------------------------------------------------------------------------------+
; Analysis & Synthesis Summary                                                     ;
+------------------------------------+---------------------------------------------+
; Analysis & Synthesis Status        ; Successful - Thu May 19 00:18:47 2022       ;
; Quartus Prime Version              ; 19.1.0 Build 670 09/22/2019 SJ Lite Edition ;
; Revision Name                      ; Down2StateDecrementer                       ;
; Top-level Entity Name              ; Down2StateDecrementer                       ;
; Family                             ; Cyclone IV E                                ;
; Total logic elements               ; 205                                         ;
;     Total combinational functions  ; 205                                         ;
;     Dedicated logic registers      ; 128                                         ;
; Total registers                    ; 128                                         ;
; Total pins                         ; 11                                          ;
; Total virtual pins                 ; 0                                           ;
; Total memory bits                  ; 0                                           ;
; Embedded Multiplier 9-bit elements ; 0                                           ;
; Total PLLs                         ; 0                                           ;
+------------------------------------+---------------------------------------------+


+------------------------------------------------------------------------------------------------------------------+
; Analysis & Synthesis Settings                                                                                    ;
+------------------------------------------------------------------+-----------------------+-----------------------+
; Option                                                           ; Setting               ; Default Value         ;
+------------------------------------------------------------------+-----------------------+-----------------------+
; Device                                                           ; EP4CE115F29C7         ;                       ;
; Top-level entity name                                            ; Down2StateDecrementer ; Down2StateDecrementer ;
; Family name                                                      ; Cyclone IV E          ; Cyclone V             ;
; VHDL Show LMF Mapping Messages                                   ; Off                   ;                       ;
; VHDL Version                                                     ; VHDL_2008             ; VHDL_1993             ;
; Use smart compilation                                            ; Off                   ; Off                   ;
; Enable parallel Assembler and Timing Analyzer during compilation ; On                    ; On                    ;
; Enable compact report table                                      ; Off                   ; Off                   ;
; Restructure Multiplexers                                         ; Auto                  ; Auto                  ;
; Create Debugging Nodes for IP Cores                              ; Off                   ; Off                   ;
; Preserve fewer node names                                        ; On                    ; On                    ;
; Intel FPGA IP Evaluation Mode                                    ; Enable                ; Enable                ;
; Verilog Version                                                  ; Verilog_2001          ; Verilog_2001          ;
; State Machine Processing                                         ; Auto                  ; Auto                  ;
; Safe State Machine                                               ; Off                   ; Off                   ;
; Extract Verilog State Machines                                   ; On                    ; On                    ;
; Extract VHDL State Machines                                      ; On                    ; On                    ;
; Ignore Verilog initial constructs                                ; Off                   ; Off                   ;
; Iteration limit for constant Verilog loops                       ; 5000                  ; 5000                  ;
; Iteration limit for non-constant Verilog loops                   ; 250                   ; 250                   ;
; Add Pass-Through Logic to Inferred RAMs                          ; On                    ; On                    ;
; Infer RAMs from Raw Logic                                        ; On                    ; On                    ;
; Parallel Synthesis                                               ; On                    ; On                    ;
; DSP Block Balancing                                              ; Auto                  ; Auto                  ;
; NOT Gate Push-Back                                               ; On                    ; On                    ;
; Power-Up Don't Care                                              ; On                    ; On                    ;
; Remove Redundant Logic Cells                                     ; Off                   ; Off                   ;
; Remove Duplicate Registers                                       ; On                    ; On                    ;
; Ignore CARRY Buffers                                             ; Off                   ; Off                   ;
; Ignore CASCADE Buffers                                           ; Off                   ; Off                   ;
; Ignore GLOBAL Buffers                                            ; Off                   ; Off                   ;
; Ignore ROW GLOBAL Buffers                                        ; Off                   ; Off                   ;
; Ignore LCELL Buffers                                             ; Off                   ; Off                   ;
; Ignore SOFT Buffers                                              ; On                    ; On                    ;
; Limit AHDL Integers to 32 Bits                                   ; Off                   ; Off                   ;
; Optimization Technique                                           ; Balanced              ; Balanced              ;
; Carry Chain Length                                               ; 70                    ; 70                    ;
; Auto Carry Chains                                                ; On                    ; On                    ;
; Auto Open-Drain Pins                                             ; On                    ; On                    ;
; Perform WYSIWYG Primitive Resynthesis                            ; Off                   ; Off                   ;
; Auto ROM Replacement                                             ; On                    ; On                    ;
; Auto RAM Replacement                                             ; On                    ; On                    ;
; Auto DSP Block Replacement                                       ; On                    ; On                    ;
; Auto Shift Register Replacement                                  ; Auto                  ; Auto                  ;
; Allow Shift Register Merging across Hierarchies                  ; Auto                  ; Auto                  ;
; Auto Clock Enable Replacement                                    ; On                    ; On                    ;
; Strict RAM Replacement                                           ; Off                   ; Off                   ;
; Allow Synchronous Control Signals                                ; On                    ; On                    ;
; Force Use of Synchronous Clear Signals                           ; Off                   ; Off                   ;
; Auto RAM Block Balancing                                         ; On                    ; On                    ;
; Auto RAM to Logic Cell Conversion                                ; Off                   ; Off                   ;
; Auto Resource Sharing                                            ; Off                   ; Off                   ;
; Allow Any RAM Size For Recognition                               ; Off                   ; Off                   ;
; Allow Any ROM Size For Recognition                               ; Off                   ; Off                   ;
; Allow Any Shift Register Size For Recognition                    ; Off                   ; Off                   ;
; Use LogicLock Constraints during Resource Balancing              ; On                    ; On                    ;
; Ignore translate_off and synthesis_off directives                ; Off                   ; Off                   ;
; Timing-Driven Synthesis                                          ; On                    ; On                    ;
; Report Parameter Settings                                        ; On                    ; On                    ;
; Report Source Assignments                                        ; On                    ; On                    ;
; Report Connectivity Checks                                       ; On                    ; On                    ;
; Ignore Maximum Fan-Out Assignments                               ; Off                   ; Off                   ;
; Synchronization Register Chain Length                            ; 2                     ; 2                     ;
; Power Optimization During Synthesis                              ; Normal compilation    ; Normal compilation    ;
; HDL message level                                                ; Level2                ; Level2                ;
; Suppress Register Optimization Related Messages                  ; Off                   ; Off                   ;
; Number of Removed Registers Reported in Synthesis Report         ; 5000                  ; 5000                  ;
; Number of Swept Nodes Reported in Synthesis Report               ; 5000                  ; 5000                  ;
; Number of Inverted Registers Reported in Synthesis Report        ; 100                   ; 100                   ;
; Clock MUX Protection                                             ; On                    ; On                    ;
; Auto Gated Clock Conversion                                      ; Off                   ; Off                   ;
; Block Design Naming                                              ; Auto                  ; Auto                  ;
; SDC constraint protection                                        ; Off                   ; Off                   ;
; Synthesis Effort                                                 ; Auto                  ; Auto                  ;
; Shift Register Replacement - Allow Asynchronous Clear Signal     ; On                    ; On                    ;
; Pre-Mapping Resynthesis Optimization                             ; Off                   ; Off                   ;
; Analysis & Synthesis Message Level                               ; Medium                ; Medium                ;
; Disable Register Merging Across Hierarchies                      ; Auto                  ; Auto                  ;
; Resource Aware Inference For Block RAM                           ; On                    ; On                    ;
+------------------------------------------------------------------+-----------------------+-----------------------+


+------------------------------------------+
; Parallel Compilation                     ;
+----------------------------+-------------+
; Processors                 ; Number      ;
+----------------------------+-------------+
; Number detected on machine ; 4           ;
; Maximum allowed            ; 2           ;
;                            ;             ;
; Average used               ; 1.00        ;
; Maximum used               ; 2           ;
;                            ;             ;
; Usage by Processor         ; % Time Used ;
;     Processor 1            ; 100.0%      ;
;     Processor 2            ;   0.0%      ;
+----------------------------+-------------+


+-------------------------------------------------------------------------------------------------------------------------------------------------------------------------------------------+
; Analysis & Synthesis Source Files Read                                                                                                                                                    ;
+----------------------------------+-----------------+-----------------+----------------------------------------------------------------------------------------------------------+---------+
; File Name with User-Entered Path ; Used in Netlist ; File Type       ; File Name with Absolute Path                                                                             ; Library ;
+----------------------------------+-----------------+-----------------+----------------------------------------------------------------------------------------------------------+---------+
; PulseGenerator2Hz.vhd            ; yes             ; User VHDL File  ; /home/maomv/Repositories/laboratorio-de-sistemas-digitais/projetos/proj-demo-1/PulseGenerator2Hz.vhd     ;         ;
; PulseGenerator1Hz.vhd            ; yes             ; User VHDL File  ; /home/maomv/Repositories/laboratorio-de-sistemas-digitais/projetos/proj-demo-1/PulseGenerator1Hz.vhd     ;         ;
; Down2StateDecrementer.vhd        ; yes             ; User VHDL File  ; /home/maomv/Repositories/laboratorio-de-sistemas-digitais/projetos/proj-demo-1/Down2StateDecrementer.vhd ;         ;
; Decrementer4Bit.vhd              ; yes             ; User VHDL File  ; /home/maomv/Repositories/laboratorio-de-sistemas-digitais/projetos/proj-demo-1/Decrementer4Bit.vhd       ;         ;
; Bin7SegDecoder.vhd               ; yes             ; User VHDL File  ; /home/maomv/Repositories/laboratorio-de-sistemas-digitais/projetos/proj-demo-1/Bin7SegDecoder.vhd        ;         ;
; DeBounce.vhd                     ; yes             ; User VHDL File  ; /home/maomv/Repositories/laboratorio-de-sistemas-digitais/projetos/proj-demo-1/DeBounce.vhd              ;         ;
+----------------------------------+-----------------+-----------------+----------------------------------------------------------------------------------------------------------+---------+


+--------------------------------------------------------------+
; Analysis & Synthesis Resource Usage Summary                  ;
+---------------------------------------------+----------------+
; Resource                                    ; Usage          ;
+---------------------------------------------+----------------+
; Estimated Total logic elements              ; 205            ;
;                                             ;                ;
; Total combinational functions               ; 205            ;
; Logic element usage by number of LUT inputs ;                ;
;     -- 4 input functions                    ; 59             ;
;     -- 3 input functions                    ; 17             ;
;     -- <=2 input functions                  ; 129            ;
;                                             ;                ;
; Logic elements by mode                      ;                ;
;     -- normal mode                          ; 94             ;
;     -- arithmetic mode                      ; 111            ;
;                                             ;                ;
; Total registers                             ; 128            ;
;     -- Dedicated logic registers            ; 128            ;
;     -- I/O registers                        ; 0              ;
;                                             ;                ;
; I/O pins                                    ; 11             ;
;                                             ;                ;
; Embedded Multiplier 9-bit elements          ; 0              ;
;                                             ;                ;
; Maximum fan-out node                        ; CLOCK_50~input ;
; Maximum fan-out                             ; 123            ;
; Total fan-out                               ; 938            ;
; Average fan-out                             ; 2.64           ;
+---------------------------------------------+----------------+


+---------------------------------------------------------------------------------------------------------------------------------------------------------------------------------------------------------------------------------------------------------+
; Analysis & Synthesis Resource Utilization by Entity                                                                                                                                                                                                     ;
+----------------------------------+---------------------+---------------------------+-------------+--------------+---------+-----------+------+--------------+----------------------------------------------------+-----------------------+--------------+
; Compilation Hierarchy Node       ; Combinational ALUTs ; Dedicated Logic Registers ; Memory Bits ; DSP Elements ; DSP 9x9 ; DSP 18x18 ; Pins ; Virtual Pins ; Full Hierarchy Name                                ; Entity Name           ; Library Name ;
+----------------------------------+---------------------+---------------------------+-------------+--------------+---------+-----------+------+--------------+----------------------------------------------------+-----------------------+--------------+
; |Down2StateDecrementer           ; 205 (4)             ; 128 (3)                   ; 0           ; 0            ; 0       ; 0         ; 11   ; 0            ; |Down2StateDecrementer                             ; Down2StateDecrementer ; work         ;
;    |Bin7SegDecoder:Display|      ; 19 (19)             ; 0 (0)                     ; 0           ; 0            ; 0       ; 0         ; 0    ; 0            ; |Down2StateDecrementer|Bin7SegDecoder:Display      ; Bin7SegDecoder        ; work         ;
;    |DeBounce:DebounceKEY0|       ; 51 (51)             ; 34 (34)                   ; 0           ; 0            ; 0       ; 0         ; 0    ; 0            ; |Down2StateDecrementer|DeBounce:DebounceKEY0       ; DeBounce              ; work         ;
;    |DeBounce:DebounceKEY1|       ; 50 (50)             ; 34 (34)                   ; 0           ; 0            ; 0       ; 0         ; 0    ; 0            ; |Down2StateDecrementer|DeBounce:DebounceKEY1       ; DeBounce              ; work         ;
;    |Decrementer4Bit:Decrementer| ; 3 (3)               ; 4 (4)                     ; 0           ; 0            ; 0       ; 0         ; 0    ; 0            ; |Down2StateDecrementer|Decrementer4Bit:Decrementer ; Decrementer4Bit       ; work         ;
;    |PulseGenerator1Hz:Hz1Lane|   ; 40 (40)             ; 27 (27)                   ; 0           ; 0            ; 0       ; 0         ; 0    ; 0            ; |Down2StateDecrementer|PulseGenerator1Hz:Hz1Lane   ; PulseGenerator1Hz     ; work         ;
;    |PulseGenerator2Hz:Hz2Lane|   ; 38 (38)             ; 26 (26)                   ; 0           ; 0            ; 0       ; 0         ; 0    ; 0            ; |Down2StateDecrementer|PulseGenerator2Hz:Hz2Lane   ; PulseGenerator2Hz     ; work         ;
+----------------------------------+---------------------+---------------------------+-------------+--------------+---------+-----------+------+--------------+----------------------------------------------------+-----------------------+--------------+
Note: For table entries with two numbers listed, the numbers in parentheses indicate the number of resources of the given type used by the specific entity alone. The numbers listed outside of parentheses indicate the total resources of the given type used by the specific entity and all of its sub-entities in the hierarchy.


+------------------------------------------------------+
; General Register Statistics                          ;
+----------------------------------------------+-------+
; Statistic                                    ; Value ;
+----------------------------------------------+-------+
; Total registers                              ; 128   ;
; Number of registers using Synchronous Clear  ; 53    ;
; Number of registers using Synchronous Load   ; 2     ;
; Number of registers using Asynchronous Clear ; 5     ;
; Number of registers using Asynchronous Load  ; 0     ;
; Number of registers using Clock Enable       ; 64    ;
; Number of registers using Preset             ; 0     ;
+----------------------------------------------+-------+


+--------------------------------------------------+
; Inverted Register Statistics                     ;
+----------------------------------------+---------+
; Inverted Register                      ; Fan out ;
+----------------------------------------+---------+
; s_NormalBlink                          ; 6       ;
; s_Key0                                 ; 2       ;
; s_Key1                                 ; 2       ;
; Total number of inverted registers = 3 ;         ;
+----------------------------------------+---------+


+--------------------------------------------------------------------------------------------------------------------------------------------------------------------------+
; Multiplexer Restructuring Statistics (Restructuring Performed)                                                                                                           ;
+--------------------+-----------+---------------+----------------------+------------------------+------------+------------------------------------------------------------+
; Multiplexer Inputs ; Bus Width ; Baseline Area ; Area if Restructured ; Saving if Restructured ; Registered ; Example Multiplexer Output                                 ;
+--------------------+-----------+---------------+----------------------+------------------------+------------+------------------------------------------------------------+
; 17:1               ; 2 bits    ; 22 LEs        ; 16 LEs               ; 6 LEs                  ; No         ; |Down2StateDecrementer|Bin7SegDecoder:Display|binOutput[6] ;
+--------------------+-----------+---------------+----------------------+------------------------+------------+------------------------------------------------------------+


+------------------------------------------------------------------------+
; Parameter Settings for User Entity Instance: PulseGenerator1Hz:Hz1Lane ;
+----------------+----------+--------------------------------------------+
; Parameter Name ; Value    ; Type                                       ;
+----------------+----------+--------------------------------------------+
; number_steps   ; 50000000 ; Signed Integer                             ;
+----------------+----------+--------------------------------------------+
Note: In order to hide this table in the UI and the text report file, please set the "Show Parameter Settings in Synthesis Report" option in "Analysis and Synthesis Settings -> More Settings" to "Off".


+------------------------------------------------------------------------+
; Parameter Settings for User Entity Instance: PulseGenerator2Hz:Hz2Lane ;
+----------------+----------+--------------------------------------------+
; Parameter Name ; Value    ; Type                                       ;
+----------------+----------+--------------------------------------------+
; number_steps   ; 25000000 ; Signed Integer                             ;
+----------------+----------+--------------------------------------------+
Note: In order to hide this table in the UI and the text report file, please set the "Show Parameter Settings in Synthesis Report" option in "Analysis and Synthesis Settings -> More Settings" to "Off".


+---------------------------------------------------+
; Port Connectivity Checks: "DeBounce:DebounceKEY1" ;
+-------+-------+----------+------------------------+
; Port  ; Type  ; Severity ; Details                ;
+-------+-------+----------+------------------------+
; reset ; Input ; Info     ; Stuck at GND           ;
+-------+-------+----------+------------------------+


+---------------------------------------------------+
; Port Connectivity Checks: "DeBounce:DebounceKEY0" ;
+-------+-------+----------+------------------------+
; Port  ; Type  ; Severity ; Details                ;
+-------+-------+----------+------------------------+
; reset ; Input ; Info     ; Stuck at GND           ;
+-------+-------+----------+------------------------+


+-----------------------------------------------------+
; Post-Synthesis Netlist Statistics for Top Partition ;
+-----------------------+-----------------------------+
; Type                  ; Count                       ;
+-----------------------+-----------------------------+
; boundary_port         ; 11                          ;
; cycloneiii_ff         ; 128                         ;
;     CLR               ; 5                           ;
;     ENA               ; 64                          ;
;     SCLR              ; 53                          ;
;     SLD               ; 2                           ;
;     plain             ; 4                           ;
; cycloneiii_lcell_comb ; 206                         ;
;     arith             ; 111                         ;
;         2 data inputs ; 111                         ;
;     normal            ; 95                          ;
;         1 data inputs ; 9                           ;
;         2 data inputs ; 10                          ;
;         3 data inputs ; 17                          ;
;         4 data inputs ; 59                          ;
;                       ;                             ;
; Max LUT depth         ; 6.00                        ;
; Average LUT depth     ; 3.39                        ;
+-----------------------+-----------------------------+


+-------------------------------+
; Elapsed Time Per Partition    ;
+----------------+--------------+
; Partition Name ; Elapsed Time ;
+----------------+--------------+
; Top            ; 00:00:00     ;
+----------------+--------------+


+-------------------------------+
; Analysis & Synthesis Messages ;
+-------------------------------+
Info: *******************************************************************
Info: Running Quartus Prime Analysis & Synthesis
    Info: Version 19.1.0 Build 670 09/22/2019 SJ Lite Edition
    Info: Processing started: Thu May 19 00:18:37 2022
Info: Command: quartus_map --read_settings_files=on --write_settings_files=off Down2StateDecrementer -c Down2StateDecrementer
Warning (18236): Number of processors has not been specified which may cause overloading on shared machines.  Set the global assignment NUM_PARALLEL_PROCESSORS in your QSF to an appropriate value for best performance.
Info (20030): Parallel compilation is enabled and will use 2 of the 2 processors detected
Info (12021): Found 2 design units, including 1 entities, in source file PulseGenerator2Hz.vhd
    Info (12022): Found design unit 1: PulseGenerator2Hz-Behavioral File: /home/maomv/Repositories/laboratorio-de-sistemas-digitais/projetos/proj-demo-1/PulseGenerator2Hz.vhd Line: 13
    Info (12023): Found entity 1: PulseGenerator2Hz File: /home/maomv/Repositories/laboratorio-de-sistemas-digitais/projetos/proj-demo-1/PulseGenerator2Hz.vhd Line: 5
Info (12021): Found 2 design units, including 1 entities, in source file PulseGenerator1Hz.vhd
    Info (12022): Found design unit 1: PulseGenerator1Hz-Behavioral File: /home/maomv/Repositories/laboratorio-de-sistemas-digitais/projetos/proj-demo-1/PulseGenerator1Hz.vhd Line: 13
    Info (12023): Found entity 1: PulseGenerator1Hz File: /home/maomv/Repositories/laboratorio-de-sistemas-digitais/projetos/proj-demo-1/PulseGenerator1Hz.vhd Line: 5
Info (12021): Found 2 design units, including 1 entities, in source file Down2StateDecrementer.vhd
    Info (12022): Found design unit 1: Down2StateDecrementer-Behavioral File: /home/maomv/Repositories/laboratorio-de-sistemas-digitais/projetos/proj-demo-1/Down2StateDecrementer.vhd Line: 14
    Info (12023): Found entity 1: Down2StateDecrementer File: /home/maomv/Repositories/laboratorio-de-sistemas-digitais/projetos/proj-demo-1/Down2StateDecrementer.vhd Line: 5
Info (12021): Found 2 design units, including 1 entities, in source file DebounceUnit.vhd
    Info (12022): Found design unit 1: DebounceUnit-Behavioral File: /home/maomv/Repositories/laboratorio-de-sistemas-digitais/projetos/proj-demo-1/DebounceUnit.vhd Line: 15
    Info (12023): Found entity 1: DebounceUnit File: /home/maomv/Repositories/laboratorio-de-sistemas-digitais/projetos/proj-demo-1/DebounceUnit.vhd Line: 4
Info (12021): Found 2 design units, including 1 entities, in source file Decrementer4Bit.vhd
    Info (12022): Found design unit 1: Decrementer4Bit-Behavioral File: /home/maomv/Repositories/laboratorio-de-sistemas-digitais/projetos/proj-demo-1/Decrementer4Bit.vhd Line: 12
    Info (12023): Found entity 1: Decrementer4Bit File: /home/maomv/Repositories/laboratorio-de-sistemas-digitais/projetos/proj-demo-1/Decrementer4Bit.vhd Line: 5
Info (12021): Found 2 design units, including 1 entities, in source file Bin7SegDecoder.vhd
    Info (12022): Found design unit 1: Bin7SegDecoder-Behavioral File: /home/maomv/Repositories/laboratorio-de-sistemas-digitais/projetos/proj-demo-1/Bin7SegDecoder.vhd Line: 11
    Info (12023): Found entity 1: Bin7SegDecoder File: /home/maomv/Repositories/laboratorio-de-sistemas-digitais/projetos/proj-demo-1/Bin7SegDecoder.vhd Line: 4
Info (12021): Found 2 design units, including 1 entities, in source file DeBounce.vhd
    Info (12022): Found design unit 1: DeBounce-Behavioral File: /home/maomv/Repositories/laboratorio-de-sistemas-digitais/projetos/proj-demo-1/DeBounce.vhd Line: 14
    Info (12023): Found entity 1: DeBounce File: /home/maomv/Repositories/laboratorio-de-sistemas-digitais/projetos/proj-demo-1/DeBounce.vhd Line: 5
Info (12127): Elaborating entity "Down2StateDecrementer" for the top level hierarchy
Warning (10492): VHDL Process Statement warning at Down2StateDecrementer.vhd(58): signal "s_1HzLane" is read inside the Process Statement but isn't in the Process Statement's sensitivity list File: /home/maomv/Repositories/laboratorio-de-sistemas-digitais/projetos/proj-demo-1/Down2StateDecrementer.vhd Line: 58
Info (12129): Elaborating entity "DeBounce" using architecture "A:behavioral" for hierarchy "DeBounce:DebounceKEY0" File: /home/maomv/Repositories/laboratorio-de-sistemas-digitais/projetos/proj-demo-1/Down2StateDecrementer.vhd Line: 62
Info (12129): Elaborating entity "PulseGenerator1Hz" using architecture "A:behavioral" for hierarchy "PulseGenerator1Hz:Hz1Lane" File: /home/maomv/Repositories/laboratorio-de-sistemas-digitais/projetos/proj-demo-1/Down2StateDecrementer.vhd Line: 74
Info (12129): Elaborating entity "PulseGenerator2Hz" using architecture "A:behavioral" for hierarchy "PulseGenerator2Hz:Hz2Lane" File: /home/maomv/Repositories/laboratorio-de-sistemas-digitais/projetos/proj-demo-1/Down2StateDecrementer.vhd Line: 80
Info (12129): Elaborating entity "Decrementer4Bit" using architecture "A:behavioral" for hierarchy "Decrementer4Bit:Decrementer" File: /home/maomv/Repositories/laboratorio-de-sistemas-digitais/projetos/proj-demo-1/Down2StateDecrementer.vhd Line: 86
Info (12129): Elaborating entity "Bin7SegDecoder" using architecture "A:behavioral" for hierarchy "Bin7SegDecoder:Display" File: /home/maomv/Repositories/laboratorio-de-sistemas-digitais/projetos/proj-demo-1/Down2StateDecrementer.vhd Line: 92
Info (13000): Registers with preset signals will power-up high File: /home/maomv/Repositories/laboratorio-de-sistemas-digitais/projetos/proj-demo-1/Down2StateDecrementer.vhd Line: 43
Info (13003): DEV_CLRn pin will set, and not reset, register with preset signal due to NOT Gate Push-Back
Info (286030): Timing-Driven Synthesis is running
Critical Warning (18061): Ignored Power-Up Level option on the following registers
    Critical Warning (18010): Register s_NormalBlink will power up to High File: /home/maomv/Repositories/laboratorio-de-sistemas-digitais/projetos/proj-demo-1/Down2StateDecrementer.vhd Line: 43
Info (16010): Generating hard_block partition "hard_block:auto_generated_inst"
    Info (16011): Adding 0 node(s), including 0 DDIO, 0 PLL, 0 transceiver and 0 LCELL
Info (21057): Implemented 216 device resources after synthesis - the final resource count might be different
    Info (21058): Implemented 3 input pins
    Info (21059): Implemented 8 output pins
    Info (21061): Implemented 205 logic cells
Info: Quartus Prime Analysis & Synthesis was successful. 0 errors, 4 warnings
    Info: Peak virtual memory: 928 megabytes
    Info: Processing ended: Thu May 19 00:18:47 2022
    Info: Elapsed time: 00:00:10
    Info: Total CPU time (on all processors): 00:00:20


