Analysis & Synthesis report for Chronometer
Thu May 26 10:26:56 2022
Quartus Prime Version 19.1.0 Build 670 09/22/2019 SJ Lite Edition


---------------------
; Table of Contents ;
---------------------
  1. Legal Notice
  2. Analysis & Synthesis Summary
  3. Analysis & Synthesis Settings
  4. Parallel Compilation
  5. Analysis & Synthesis Source Files Read
  6. Analysis & Synthesis Resource Usage Summary
  7. Analysis & Synthesis Resource Utilization by Entity
  8. State Machine - |Chronometer|ControlUnit:control_unit|s_currentState
  9. Registers Removed During Synthesis
 10. General Register Statistics
 11. Multiplexer Restructuring Statistics (Restructuring Performed)
 12. Parameter Settings for User Entity Instance: RegN:freeze_register
 13. Parameter Settings for User Entity Instance: ClkDividerN:clk_divider_50
 14. Parameter Settings for User Entity Instance: DebounceUnit:statop_debouncer
 15. Parameter Settings for User Entity Instance: DebounceUnit:laprst_debouncer
 16. Parameter Settings for User Entity Instance: PulseGeneratorN:pulse_generator
 17. Parameter Settings for Inferred Entity Instance: PulseGeneratorN:pulse_generator|lpm_divide:Mod0
 18. Post-Synthesis Netlist Statistics for Top Partition
 19. Elapsed Time Per Partition
 20. Analysis & Synthesis Messages



----------------
; Legal Notice ;
----------------
Copyright (C) 2019  Intel Corporation. All rights reserved.
Your use of Intel Corporation's design tools, logic functions 
and other software and tools, and any partner logic 
functions, and any output files from any of the foregoing 
(including device programming or simulation files), and any 
associated documentation or information are expressly subject 
to the terms and conditions of the Intel Program License 
Subscription Agreement, the Intel Quartus Prime License Agreement,
the Intel FPGA IP License Agreement, or other applicable license
agreement, including, without limitation, that your use is for
the sole purpose of programming logic devices manufactured by
Intel and sold by Intel or its authorized distributors.  Please
refer to the applicable agreement for further details, at
https://fpgasoftware.intel.com/eula.



+----------------------------------------------------------------------------------+
; Analysis & Synthesis Summary                                                     ;
+------------------------------------+---------------------------------------------+
; Analysis & Synthesis Status        ; Successful - Thu May 26 10:26:56 2022       ;
; Quartus Prime Version              ; 19.1.0 Build 670 09/22/2019 SJ Lite Edition ;
; Revision Name                      ; Chronometer                                 ;
; Top-level Entity Name              ; Chronometer                                 ;
; Family                             ; Cyclone IV E                                ;
; Total logic elements               ; 555                                         ;
;     Total combinational functions  ; 537                                         ;
;     Dedicated logic registers      ; 103                                         ;
; Total registers                    ; 103                                         ;
; Total pins                         ; 42                                          ;
; Total virtual pins                 ; 0                                           ;
; Total memory bits                  ; 0                                           ;
; Embedded Multiplier 9-bit elements ; 0                                           ;
; Total PLLs                         ; 0                                           ;
+------------------------------------+---------------------------------------------+


+------------------------------------------------------------------------------------------------------------+
; Analysis & Synthesis Settings                                                                              ;
+------------------------------------------------------------------+--------------------+--------------------+
; Option                                                           ; Setting            ; Default Value      ;
+------------------------------------------------------------------+--------------------+--------------------+
; Device                                                           ; EP4CE115F29C7      ;                    ;
; Top-level entity name                                            ; Chronometer        ; Chronometer        ;
; Family name                                                      ; Cyclone IV E       ; Cyclone V          ;
; Use smart compilation                                            ; Off                ; Off                ;
; Enable parallel Assembler and Timing Analyzer during compilation ; On                 ; On                 ;
; Enable compact report table                                      ; Off                ; Off                ;
; Restructure Multiplexers                                         ; Auto               ; Auto               ;
; Create Debugging Nodes for IP Cores                              ; Off                ; Off                ;
; Preserve fewer node names                                        ; On                 ; On                 ;
; Intel FPGA IP Evaluation Mode                                    ; Enable             ; Enable             ;
; Verilog Version                                                  ; Verilog_2001       ; Verilog_2001       ;
; VHDL Version                                                     ; VHDL_1993          ; VHDL_1993          ;
; State Machine Processing                                         ; Auto               ; Auto               ;
; Safe State Machine                                               ; Off                ; Off                ;
; Extract Verilog State Machines                                   ; On                 ; On                 ;
; Extract VHDL State Machines                                      ; On                 ; On                 ;
; Ignore Verilog initial constructs                                ; Off                ; Off                ;
; Iteration limit for constant Verilog loops                       ; 5000               ; 5000               ;
; Iteration limit for non-constant Verilog loops                   ; 250                ; 250                ;
; Add Pass-Through Logic to Inferred RAMs                          ; On                 ; On                 ;
; Infer RAMs from Raw Logic                                        ; On                 ; On                 ;
; Parallel Synthesis                                               ; On                 ; On                 ;
; DSP Block Balancing                                              ; Auto               ; Auto               ;
; NOT Gate Push-Back                                               ; On                 ; On                 ;
; Power-Up Don't Care                                              ; On                 ; On                 ;
; Remove Redundant Logic Cells                                     ; Off                ; Off                ;
; Remove Duplicate Registers                                       ; On                 ; On                 ;
; Ignore CARRY Buffers                                             ; Off                ; Off                ;
; Ignore CASCADE Buffers                                           ; Off                ; Off                ;
; Ignore GLOBAL Buffers                                            ; Off                ; Off                ;
; Ignore ROW GLOBAL Buffers                                        ; Off                ; Off                ;
; Ignore LCELL Buffers                                             ; Off                ; Off                ;
; Ignore SOFT Buffers                                              ; On                 ; On                 ;
; Limit AHDL Integers to 32 Bits                                   ; Off                ; Off                ;
; Optimization Technique                                           ; Balanced           ; Balanced           ;
; Carry Chain Length                                               ; 70                 ; 70                 ;
; Auto Carry Chains                                                ; On                 ; On                 ;
; Auto Open-Drain Pins                                             ; On                 ; On                 ;
; Perform WYSIWYG Primitive Resynthesis                            ; Off                ; Off                ;
; Auto ROM Replacement                                             ; On                 ; On                 ;
; Auto RAM Replacement                                             ; On                 ; On                 ;
; Auto DSP Block Replacement                                       ; On                 ; On                 ;
; Auto Shift Register Replacement                                  ; Auto               ; Auto               ;
; Allow Shift Register Merging across Hierarchies                  ; Auto               ; Auto               ;
; Auto Clock Enable Replacement                                    ; On                 ; On                 ;
; Strict RAM Replacement                                           ; Off                ; Off                ;
; Allow Synchronous Control Signals                                ; On                 ; On                 ;
; Force Use of Synchronous Clear Signals                           ; Off                ; Off                ;
; Auto RAM Block Balancing                                         ; On                 ; On                 ;
; Auto RAM to Logic Cell Conversion                                ; Off                ; Off                ;
; Auto Resource Sharing                                            ; Off                ; Off                ;
; Allow Any RAM Size For Recognition                               ; Off                ; Off                ;
; Allow Any ROM Size For Recognition                               ; Off                ; Off                ;
; Allow Any Shift Register Size For Recognition                    ; Off                ; Off                ;
; Use LogicLock Constraints during Resource Balancing              ; On                 ; On                 ;
; Ignore translate_off and synthesis_off directives                ; Off                ; Off                ;
; Timing-Driven Synthesis                                          ; On                 ; On                 ;
; Report Parameter Settings                                        ; On                 ; On                 ;
; Report Source Assignments                                        ; On                 ; On                 ;
; Report Connectivity Checks                                       ; On                 ; On                 ;
; Ignore Maximum Fan-Out Assignments                               ; Off                ; Off                ;
; Synchronization Register Chain Length                            ; 2                  ; 2                  ;
; Power Optimization During Synthesis                              ; Normal compilation ; Normal compilation ;
; HDL message level                                                ; Level2             ; Level2             ;
; Suppress Register Optimization Related Messages                  ; Off                ; Off                ;
; Number of Removed Registers Reported in Synthesis Report         ; 5000               ; 5000               ;
; Number of Swept Nodes Reported in Synthesis Report               ; 5000               ; 5000               ;
; Number of Inverted Registers Reported in Synthesis Report        ; 100                ; 100                ;
; Clock MUX Protection                                             ; On                 ; On                 ;
; Auto Gated Clock Conversion                                      ; Off                ; Off                ;
; Block Design Naming                                              ; Auto               ; Auto               ;
; SDC constraint protection                                        ; Off                ; Off                ;
; Synthesis Effort                                                 ; Auto               ; Auto               ;
; Shift Register Replacement - Allow Asynchronous Clear Signal     ; On                 ; On                 ;
; Pre-Mapping Resynthesis Optimization                             ; Off                ; Off                ;
; Analysis & Synthesis Message Level                               ; Medium             ; Medium             ;
; Disable Register Merging Across Hierarchies                      ; Auto               ; Auto               ;
; Resource Aware Inference For Block RAM                           ; On                 ; On                 ;
+------------------------------------------------------------------+--------------------+--------------------+


+------------------------------------------+
; Parallel Compilation                     ;
+----------------------------+-------------+
; Processors                 ; Number      ;
+----------------------------+-------------+
; Number detected on machine ; 4           ;
; Maximum allowed            ; 2           ;
;                            ;             ;
; Average used               ; 1.00        ;
; Maximum used               ; 2           ;
;                            ;             ;
; Usage by Processor         ; % Time Used ;
;     Processor 1            ; 100.0%      ;
;     Processor 2            ;   0.0%      ;
+----------------------------+-------------+


+---------------------------------------------------------------------------------------------------------------------------------------------------------------------------------------------------------+
; Analysis & Synthesis Source Files Read                                                                                                                                                                  ;
+----------------------------------+-----------------+------------------------------------+-----------------------------------------------------------------------------------------------------+---------+
; File Name with User-Entered Path ; Used in Netlist ; File Type                          ; File Name with Absolute Path                                                                        ; Library ;
+----------------------------------+-----------------+------------------------------------+-----------------------------------------------------------------------------------------------------+---------+
; Chronometer.bdf                  ; yes             ; User Block Diagram/Schematic File  ; /home/maomv/Repositories/laboratorio-de-sistemas-digitais/aula08/parte01/Chronometer.bdf            ;         ;
; ClkDividerN.vhd                  ; yes             ; User VHDL File                     ; /home/maomv/Repositories/laboratorio-de-sistemas-digitais/aula08/parte01/ClkDividerN.vhd            ;         ;
; ControlUnit.vhd                  ; yes             ; User VHDL File                     ; /home/maomv/Repositories/laboratorio-de-sistemas-digitais/aula08/parte01/ControlUnit.vhd            ;         ;
; DebounceUnit.vhd                 ; yes             ; User VHDL File                     ; /home/maomv/Repositories/laboratorio-de-sistemas-digitais/aula08/parte01/DebounceUnit.vhd           ;         ;
; PulseGeneratorN.vhd              ; yes             ; User VHDL File                     ; /home/maomv/Repositories/laboratorio-de-sistemas-digitais/aula08/parte01/PulseGeneratorN.vhd        ;         ;
; CntBCDUp4.vhd                    ; yes             ; User VHDL File                     ; /home/maomv/Repositories/laboratorio-de-sistemas-digitais/aula08/parte01/CntBCDUp4.vhd              ;         ;
; RegN.vhd                         ; yes             ; User VHDL File                     ; /home/maomv/Repositories/laboratorio-de-sistemas-digitais/aula08/parte01/RegN.vhd                   ;         ;
; Bin7SegDecoder.vhd               ; yes             ; User VHDL File                     ; /home/maomv/Repositories/laboratorio-de-sistemas-digitais/aula08/parte01/Bin7SegDecoder.vhd         ;         ;
; lpm_divide.tdf                   ; yes             ; Megafunction                       ; /opt/intelFPGA_lite/19.1/quartus/libraries/megafunctions/lpm_divide.tdf                             ;         ;
; abs_divider.inc                  ; yes             ; Megafunction                       ; /opt/intelFPGA_lite/19.1/quartus/libraries/megafunctions/abs_divider.inc                            ;         ;
; sign_div_unsign.inc              ; yes             ; Megafunction                       ; /opt/intelFPGA_lite/19.1/quartus/libraries/megafunctions/sign_div_unsign.inc                        ;         ;
; aglobal191.inc                   ; yes             ; Megafunction                       ; /opt/intelFPGA_lite/19.1/quartus/libraries/megafunctions/aglobal191.inc                             ;         ;
; db/lpm_divide_ecm.tdf            ; yes             ; Auto-Generated Megafunction        ; /home/maomv/Repositories/laboratorio-de-sistemas-digitais/aula08/parte01/db/lpm_divide_ecm.tdf      ;         ;
; db/sign_div_unsign_3nh.tdf       ; yes             ; Auto-Generated Megafunction        ; /home/maomv/Repositories/laboratorio-de-sistemas-digitais/aula08/parte01/db/sign_div_unsign_3nh.tdf ;         ;
; db/alt_u_div_q9f.tdf             ; yes             ; Auto-Generated Megafunction        ; /home/maomv/Repositories/laboratorio-de-sistemas-digitais/aula08/parte01/db/alt_u_div_q9f.tdf       ;         ;
; db/add_sub_7pc.tdf               ; yes             ; Auto-Generated Megafunction        ; /home/maomv/Repositories/laboratorio-de-sistemas-digitais/aula08/parte01/db/add_sub_7pc.tdf         ;         ;
; db/add_sub_8pc.tdf               ; yes             ; Auto-Generated Megafunction        ; /home/maomv/Repositories/laboratorio-de-sistemas-digitais/aula08/parte01/db/add_sub_8pc.tdf         ;         ;
+----------------------------------+-----------------+------------------------------------+-----------------------------------------------------------------------------------------------------+---------+


+---------------------------------------------------------------------------------+
; Analysis & Synthesis Resource Usage Summary                                     ;
+---------------------------------------------+-----------------------------------+
; Resource                                    ; Usage                             ;
+---------------------------------------------+-----------------------------------+
; Estimated Total logic elements              ; 555                               ;
;                                             ;                                   ;
; Total combinational functions               ; 537                               ;
; Logic element usage by number of LUT inputs ;                                   ;
;     -- 4 input functions                    ; 173                               ;
;     -- 3 input functions                    ; 122                               ;
;     -- <=2 input functions                  ; 242                               ;
;                                             ;                                   ;
; Logic elements by mode                      ;                                   ;
;     -- normal mode                          ; 390                               ;
;     -- arithmetic mode                      ; 147                               ;
;                                             ;                                   ;
; Total registers                             ; 103                               ;
;     -- Dedicated logic registers            ; 103                               ;
;     -- I/O registers                        ; 0                                 ;
;                                             ;                                   ;
; I/O pins                                    ; 42                                ;
;                                             ;                                   ;
; Embedded Multiplier 9-bit elements          ; 0                                 ;
;                                             ;                                   ;
; Maximum fan-out node                        ; ClkDividerN:clk_divider_50|clkOut ;
; Maximum fan-out                             ; 96                                ;
; Total fan-out                               ; 1894                              ;
; Average fan-out                             ; 2.62                              ;
+---------------------------------------------+-----------------------------------+


+----------------------------------------------------------------------------------------------------------------------------------------------------------------------------------------------------------------------------------------------------------------------------------------------------------------------------------------------------------+
; Analysis & Synthesis Resource Utilization by Entity                                                                                                                                                                                                                                                                                                      ;
+-------------------------------------------+---------------------+---------------------------+-------------+--------------+---------+-----------+------+--------------+----------------------------------------------------------------------------------------------------------------------------------------------+---------------------+--------------+
; Compilation Hierarchy Node                ; Combinational ALUTs ; Dedicated Logic Registers ; Memory Bits ; DSP Elements ; DSP 9x9 ; DSP 18x18 ; Pins ; Virtual Pins ; Full Hierarchy Name                                                                                                                          ; Entity Name         ; Library Name ;
+-------------------------------------------+---------------------+---------------------------+-------------+--------------+---------+-----------+------+--------------+----------------------------------------------------------------------------------------------------------------------------------------------+---------------------+--------------+
; |Chronometer                              ; 537 (0)             ; 103 (0)                   ; 0           ; 0            ; 0       ; 0         ; 42   ; 0            ; |Chronometer                                                                                                                                 ; Chronometer         ; work         ;
;    |Bin7SegDecoder:disp_0_decoder|        ; 7 (7)               ; 0 (0)                     ; 0           ; 0            ; 0       ; 0         ; 0    ; 0            ; |Chronometer|Bin7SegDecoder:disp_0_decoder                                                                                                   ; Bin7SegDecoder      ; work         ;
;    |Bin7SegDecoder:disp_1_decoder|        ; 7 (7)               ; 0 (0)                     ; 0           ; 0            ; 0       ; 0         ; 0    ; 0            ; |Chronometer|Bin7SegDecoder:disp_1_decoder                                                                                                   ; Bin7SegDecoder      ; work         ;
;    |Bin7SegDecoder:disp_2_decoder|        ; 7 (7)               ; 0 (0)                     ; 0           ; 0            ; 0       ; 0         ; 0    ; 0            ; |Chronometer|Bin7SegDecoder:disp_2_decoder                                                                                                   ; Bin7SegDecoder      ; work         ;
;    |Bin7SegDecoder:disp_3_decoder|        ; 7 (7)               ; 0 (0)                     ; 0           ; 0            ; 0       ; 0         ; 0    ; 0            ; |Chronometer|Bin7SegDecoder:disp_3_decoder                                                                                                   ; Bin7SegDecoder      ; work         ;
;    |ClkDividerN:clk_divider_50|           ; 9 (9)               ; 7 (7)                     ; 0           ; 0            ; 0       ; 0         ; 0    ; 0            ; |Chronometer|ClkDividerN:clk_divider_50                                                                                                      ; ClkDividerN         ; work         ;
;    |CntBCDUp4:bcd_counter|                ; 57 (57)             ; 16 (16)                   ; 0           ; 0            ; 0       ; 0         ; 0    ; 0            ; |Chronometer|CntBCDUp4:bcd_counter                                                                                                           ; CntBCDUp4           ; work         ;
;    |ControlUnit:control_unit|             ; 6 (6)               ; 4 (4)                     ; 0           ; 0            ; 0       ; 0         ; 0    ; 0            ; |Chronometer|ControlUnit:control_unit                                                                                                        ; ControlUnit         ; work         ;
;    |DebounceUnit:laprst_debouncer|        ; 51 (51)             ; 20 (20)                   ; 0           ; 0            ; 0       ; 0         ; 0    ; 0            ; |Chronometer|DebounceUnit:laprst_debouncer                                                                                                   ; DebounceUnit        ; work         ;
;    |DebounceUnit:statop_debouncer|        ; 51 (51)             ; 20 (20)                   ; 0           ; 0            ; 0       ; 0         ; 0    ; 0            ; |Chronometer|DebounceUnit:statop_debouncer                                                                                                   ; DebounceUnit        ; work         ;
;    |PulseGeneratorN:pulse_generator|      ; 335 (31)            ; 20 (20)                   ; 0           ; 0            ; 0       ; 0         ; 0    ; 0            ; |Chronometer|PulseGeneratorN:pulse_generator                                                                                                 ; PulseGeneratorN     ; work         ;
;       |lpm_divide:Mod0|                   ; 304 (0)             ; 0 (0)                     ; 0           ; 0            ; 0       ; 0         ; 0    ; 0            ; |Chronometer|PulseGeneratorN:pulse_generator|lpm_divide:Mod0                                                                                 ; lpm_divide          ; work         ;
;          |lpm_divide_ecm:auto_generated|  ; 304 (0)             ; 0 (0)                     ; 0           ; 0            ; 0       ; 0         ; 0    ; 0            ; |Chronometer|PulseGeneratorN:pulse_generator|lpm_divide:Mod0|lpm_divide_ecm:auto_generated                                                   ; lpm_divide_ecm      ; work         ;
;             |sign_div_unsign_3nh:divider| ; 304 (0)             ; 0 (0)                     ; 0           ; 0            ; 0       ; 0         ; 0    ; 0            ; |Chronometer|PulseGeneratorN:pulse_generator|lpm_divide:Mod0|lpm_divide_ecm:auto_generated|sign_div_unsign_3nh:divider                       ; sign_div_unsign_3nh ; work         ;
;                |alt_u_div_q9f:divider|    ; 304 (304)           ; 0 (0)                     ; 0           ; 0            ; 0       ; 0         ; 0    ; 0            ; |Chronometer|PulseGeneratorN:pulse_generator|lpm_divide:Mod0|lpm_divide_ecm:auto_generated|sign_div_unsign_3nh:divider|alt_u_div_q9f:divider ; alt_u_div_q9f       ; work         ;
;    |RegN:freeze_register|                 ; 0 (0)               ; 16 (16)                   ; 0           ; 0            ; 0       ; 0         ; 0    ; 0            ; |Chronometer|RegN:freeze_register                                                                                                            ; RegN                ; work         ;
+-------------------------------------------+---------------------+---------------------------+-------------+--------------+---------+-----------+------+--------------+----------------------------------------------------------------------------------------------------------------------------------------------+---------------------+--------------+
Note: For table entries with two numbers listed, the numbers in parentheses indicate the number of resources of the given type used by the specific entity alone. The numbers listed outside of parentheses indicate the total resources of the given type used by the specific entity and all of its sub-entities in the hierarchy.


Encoding Type:  One-Hot
+-----------------------------------------------------------------------------------------------------------------------------------------------------+
; State Machine - |Chronometer|ControlUnit:control_unit|s_currentState                                                                                ;
+------------------------+------------------------+------------------------+------------------------+------------------------+------------------------+
; Name                   ; s_currentState.LAPSTOP ; s_currentState.LAPVIEW ; s_currentState.STOPPED ; s_currentState.STARTED ; s_currentState.CLEARED ;
+------------------------+------------------------+------------------------+------------------------+------------------------+------------------------+
; s_currentState.CLEARED ; 0                      ; 0                      ; 0                      ; 0                      ; 0                      ;
; s_currentState.STARTED ; 0                      ; 0                      ; 0                      ; 1                      ; 1                      ;
; s_currentState.STOPPED ; 0                      ; 0                      ; 1                      ; 0                      ; 1                      ;
; s_currentState.LAPVIEW ; 0                      ; 1                      ; 0                      ; 0                      ; 1                      ;
; s_currentState.LAPSTOP ; 1                      ; 0                      ; 0                      ; 0                      ; 1                      ;
+------------------------+------------------------+------------------------+------------------------+------------------------+------------------------+


+------------------------------------------------------------------------------------------+
; Registers Removed During Synthesis                                                       ;
+-------------------------------------------------+----------------------------------------+
; Register name                                   ; Reason for Removal                     ;
+-------------------------------------------------+----------------------------------------+
; ControlUnit:control_unit|s_currentState.LAPSTOP ; Stuck at GND due to stuck port data_in ;
; Total Number of Removed Registers = 1           ;                                        ;
+-------------------------------------------------+----------------------------------------+


+------------------------------------------------------+
; General Register Statistics                          ;
+----------------------------------------------+-------+
; Statistic                                    ; Value ;
+----------------------------------------------+-------+
; Total registers                              ; 103   ;
; Number of registers using Synchronous Clear  ; 27    ;
; Number of registers using Synchronous Load   ; 1     ;
; Number of registers using Asynchronous Clear ; 0     ;
; Number of registers using Asynchronous Load  ; 0     ;
; Number of registers using Clock Enable       ; 62    ;
; Number of registers using Preset             ; 0     ;
+----------------------------------------------+-------+


+----------------------------------------------------------------------------------------------------------------------------------------------------------------------------+
; Multiplexer Restructuring Statistics (Restructuring Performed)                                                                                                             ;
+--------------------+-----------+---------------+----------------------+------------------------+------------+--------------------------------------------------------------+
; Multiplexer Inputs ; Bus Width ; Baseline Area ; Area if Restructured ; Saving if Restructured ; Registered ; Example Multiplexer Output                                   ;
+--------------------+-----------+---------------+----------------------+------------------------+------------+--------------------------------------------------------------+
; 4:1                ; 4 bits    ; 8 LEs         ; 4 LEs                ; 4 LEs                  ; Yes        ; |Chronometer|CntBCDUp4:bcd_counter|s_count[2]                ;
; 4:1                ; 4 bits    ; 8 LEs         ; 4 LEs                ; 4 LEs                  ; Yes        ; |Chronometer|CntBCDUp4:bcd_counter|s_count[7]                ;
; 4:1                ; 4 bits    ; 8 LEs         ; 4 LEs                ; 4 LEs                  ; Yes        ; |Chronometer|CntBCDUp4:bcd_counter|s_count[11]               ;
; 4:1                ; 4 bits    ; 8 LEs         ; 4 LEs                ; 4 LEs                  ; Yes        ; |Chronometer|CntBCDUp4:bcd_counter|s_count[15]               ;
; 5:1                ; 17 bits   ; 51 LEs        ; 34 LEs               ; 17 LEs                 ; Yes        ; |Chronometer|DebounceUnit:laprst_debouncer|s_debounceCnt[15] ;
; 5:1                ; 17 bits   ; 51 LEs        ; 34 LEs               ; 17 LEs                 ; Yes        ; |Chronometer|DebounceUnit:statop_debouncer|s_debounceCnt[16] ;
+--------------------+-----------+---------------+----------------------+------------------------+------------+--------------------------------------------------------------+


+-------------------------------------------------------------------+
; Parameter Settings for User Entity Instance: RegN:freeze_register ;
+----------------+-------+------------------------------------------+
; Parameter Name ; Value ; Type                                     ;
+----------------+-------+------------------------------------------+
; size           ; 16    ; Signed Integer                           ;
+----------------+-------+------------------------------------------+
Note: In order to hide this table in the UI and the text report file, please set the "Show Parameter Settings in Synthesis Report" option in "Analysis and Synthesis Settings -> More Settings" to "Off".


+-------------------------------------------------------------------------+
; Parameter Settings for User Entity Instance: ClkDividerN:clk_divider_50 ;
+----------------+-------+------------------------------------------------+
; Parameter Name ; Value ; Type                                           ;
+----------------+-------+------------------------------------------------+
; divfactor      ; 50    ; Signed Integer                                 ;
+----------------+-------+------------------------------------------------+
Note: In order to hide this table in the UI and the text report file, please set the "Show Parameter Settings in Synthesis Report" option in "Analysis and Synthesis Settings -> More Settings" to "Off".


+----------------------------------------------------------------------------+
; Parameter Settings for User Entity Instance: DebounceUnit:statop_debouncer ;
+----------------+-------+---------------------------------------------------+
; Parameter Name ; Value ; Type                                              ;
+----------------+-------+---------------------------------------------------+
; khzclkfreq     ; 1000  ; Signed Integer                                    ;
; msecmininwidth ; 100   ; Signed Integer                                    ;
; inpolarity     ; '0'   ; Enumerated                                        ;
; outpolarity    ; '1'   ; Enumerated                                        ;
+----------------+-------+---------------------------------------------------+
Note: In order to hide this table in the UI and the text report file, please set the "Show Parameter Settings in Synthesis Report" option in "Analysis and Synthesis Settings -> More Settings" to "Off".


+----------------------------------------------------------------------------+
; Parameter Settings for User Entity Instance: DebounceUnit:laprst_debouncer ;
+----------------+-------+---------------------------------------------------+
; Parameter Name ; Value ; Type                                              ;
+----------------+-------+---------------------------------------------------+
; khzclkfreq     ; 1000  ; Signed Integer                                    ;
; msecmininwidth ; 100   ; Signed Integer                                    ;
; inpolarity     ; '0'   ; Enumerated                                        ;
; outpolarity    ; '1'   ; Enumerated                                        ;
+----------------+-------+---------------------------------------------------+
Note: In order to hide this table in the UI and the text report file, please set the "Show Parameter Settings in Synthesis Report" option in "Analysis and Synthesis Settings -> More Settings" to "Off".


+------------------------------------------------------------------------------+
; Parameter Settings for User Entity Instance: PulseGeneratorN:pulse_generator ;
+----------------+---------+---------------------------------------------------+
; Parameter Name ; Value   ; Type                                              ;
+----------------+---------+---------------------------------------------------+
; numbersteps    ; 1000000 ; Signed Integer                                    ;
; out0compval    ; 10000   ; Signed Integer                                    ;
; out1compval    ; 500000  ; Signed Integer                                    ;
+----------------+---------+---------------------------------------------------+
Note: In order to hide this table in the UI and the text report file, please set the "Show Parameter Settings in Synthesis Report" option in "Analysis and Synthesis Settings -> More Settings" to "Off".


+--------------------------------------------------------------------------------------------------+
; Parameter Settings for Inferred Entity Instance: PulseGeneratorN:pulse_generator|lpm_divide:Mod0 ;
+------------------------+----------------+--------------------------------------------------------+
; Parameter Name         ; Value          ; Type                                                   ;
+------------------------+----------------+--------------------------------------------------------+
; LPM_WIDTHN             ; 20             ; Untyped                                                ;
; LPM_WIDTHD             ; 20             ; Untyped                                                ;
; LPM_NREPRESENTATION    ; UNSIGNED       ; Untyped                                                ;
; LPM_DREPRESENTATION    ; UNSIGNED       ; Untyped                                                ;
; LPM_PIPELINE           ; 0              ; Untyped                                                ;
; LPM_REMAINDERPOSITIVE  ; TRUE           ; Untyped                                                ;
; MAXIMIZE_SPEED         ; 5              ; Untyped                                                ;
; CBXI_PARAMETER         ; lpm_divide_ecm ; Untyped                                                ;
; CARRY_CHAIN            ; MANUAL         ; Untyped                                                ;
; OPTIMIZE_FOR_SPEED     ; 5              ; Untyped                                                ;
; AUTO_CARRY_CHAINS      ; ON             ; AUTO_CARRY                                             ;
; IGNORE_CARRY_BUFFERS   ; OFF            ; IGNORE_CARRY                                           ;
; AUTO_CASCADE_CHAINS    ; ON             ; AUTO_CASCADE                                           ;
; IGNORE_CASCADE_BUFFERS ; OFF            ; IGNORE_CASCADE                                         ;
+------------------------+----------------+--------------------------------------------------------+
Note: In order to hide this table in the UI and the text report file, please set the "Show Parameter Settings in Synthesis Report" option in "Analysis and Synthesis Settings -> More Settings" to "Off".


+-----------------------------------------------------+
; Post-Synthesis Netlist Statistics for Top Partition ;
+-----------------------+-----------------------------+
; Type                  ; Count                       ;
+-----------------------+-----------------------------+
; boundary_port         ; 42                          ;
; cycloneiii_ff         ; 103                         ;
;     ENA               ; 62                          ;
;     SCLR              ; 26                          ;
;     SCLR SLD          ; 1                           ;
;     plain             ; 14                          ;
; cycloneiii_lcell_comb ; 543                         ;
;     arith             ; 147                         ;
;         2 data inputs ; 66                          ;
;         3 data inputs ; 81                          ;
;     normal            ; 396                         ;
;         0 data inputs ; 8                           ;
;         1 data inputs ; 11                          ;
;         2 data inputs ; 163                         ;
;         3 data inputs ; 41                          ;
;         4 data inputs ; 173                         ;
;                       ;                             ;
; Max LUT depth         ; 28.20                       ;
; Average LUT depth     ; 16.35                       ;
+-----------------------+-----------------------------+


+-------------------------------+
; Elapsed Time Per Partition    ;
+----------------+--------------+
; Partition Name ; Elapsed Time ;
+----------------+--------------+
; Top            ; 00:00:01     ;
+----------------+--------------+


+-------------------------------+
; Analysis & Synthesis Messages ;
+-------------------------------+
Info: *******************************************************************
Info: Running Quartus Prime Analysis & Synthesis
    Info: Version 19.1.0 Build 670 09/22/2019 SJ Lite Edition
    Info: Processing started: Thu May 26 10:26:46 2022
Info: Command: quartus_map --read_settings_files=on --write_settings_files=off Chronometer -c Chronometer
Warning (18236): Number of processors has not been specified which may cause overloading on shared machines.  Set the global assignment NUM_PARALLEL_PROCESSORS in your QSF to an appropriate value for best performance.
Info (20030): Parallel compilation is enabled and will use 2 of the 2 processors detected
Info (12021): Found 1 design units, including 1 entities, in source file Chronometer.bdf
    Info (12023): Found entity 1: Chronometer
Info (12021): Found 2 design units, including 1 entities, in source file ClkDividerN.vhd
    Info (12022): Found design unit 1: ClkDividerN-Behavioral File: /home/maomv/Repositories/laboratorio-de-sistemas-digitais/aula08/parte01/ClkDividerN.vhd Line: 11
    Info (12023): Found entity 1: ClkDividerN File: /home/maomv/Repositories/laboratorio-de-sistemas-digitais/aula08/parte01/ClkDividerN.vhd Line: 5
Info (12021): Found 2 design units, including 1 entities, in source file ControlUnit.vhd
    Info (12022): Found design unit 1: ControlUnit-Behavioral File: /home/maomv/Repositories/laboratorio-de-sistemas-digitais/aula08/parte01/ControlUnit.vhd Line: 15
    Info (12023): Found entity 1: ControlUnit File: /home/maomv/Repositories/laboratorio-de-sistemas-digitais/aula08/parte01/ControlUnit.vhd Line: 4
Info (12021): Found 2 design units, including 1 entities, in source file DebounceUnit.vhd
    Info (12022): Found design unit 1: DebounceUnit-Behavioral File: /home/maomv/Repositories/laboratorio-de-sistemas-digitais/aula08/parte01/DebounceUnit.vhd Line: 15
    Info (12023): Found entity 1: DebounceUnit File: /home/maomv/Repositories/laboratorio-de-sistemas-digitais/aula08/parte01/DebounceUnit.vhd Line: 5
Info (12021): Found 2 design units, including 1 entities, in source file PulseGeneratorN.vhd
    Info (12022): Found design unit 1: PulseGeneratorN-Behavioral File: /home/maomv/Repositories/laboratorio-de-sistemas-digitais/aula08/parte01/PulseGeneratorN.vhd Line: 14
    Info (12023): Found entity 1: PulseGeneratorN File: /home/maomv/Repositories/laboratorio-de-sistemas-digitais/aula08/parte01/PulseGeneratorN.vhd Line: 5
Info (12021): Found 2 design units, including 1 entities, in source file CntBCDUp4.vhd
    Info (12022): Found design unit 1: CntBCDUp4-Behavioral File: /home/maomv/Repositories/laboratorio-de-sistemas-digitais/aula08/parte01/CntBCDUp4.vhd Line: 13
    Info (12023): Found entity 1: CntBCDUp4 File: /home/maomv/Repositories/laboratorio-de-sistemas-digitais/aula08/parte01/CntBCDUp4.vhd Line: 5
Info (12021): Found 2 design units, including 1 entities, in source file RegN.vhd
    Info (12022): Found design unit 1: RegN-Behavioral File: /home/maomv/Repositories/laboratorio-de-sistemas-digitais/aula08/parte01/RegN.vhd Line: 14
    Info (12023): Found entity 1: RegN File: /home/maomv/Repositories/laboratorio-de-sistemas-digitais/aula08/parte01/RegN.vhd Line: 4
Info (12021): Found 2 design units, including 1 entities, in source file Bin7SegDecoder.vhd
    Info (12022): Found design unit 1: Bin7SegDecoder-Behavioral File: /home/maomv/Repositories/laboratorio-de-sistemas-digitais/aula08/parte01/Bin7SegDecoder.vhd Line: 9
    Info (12023): Found entity 1: Bin7SegDecoder File: /home/maomv/Repositories/laboratorio-de-sistemas-digitais/aula08/parte01/Bin7SegDecoder.vhd Line: 4
Info (12127): Elaborating entity "Chronometer" for the top level hierarchy
Info (12128): Elaborating entity "Bin7SegDecoder" for hierarchy "Bin7SegDecoder:disp_0_decoder"
Info (12128): Elaborating entity "RegN" for hierarchy "RegN:freeze_register"
Info (12128): Elaborating entity "ClkDividerN" for hierarchy "ClkDividerN:clk_divider_50"
Info (12128): Elaborating entity "ControlUnit" for hierarchy "ControlUnit:control_unit"
Info (12128): Elaborating entity "DebounceUnit" for hierarchy "DebounceUnit:statop_debouncer"
Info (12128): Elaborating entity "CntBCDUp4" for hierarchy "CntBCDUp4:bcd_counter"
Info (12128): Elaborating entity "PulseGeneratorN" for hierarchy "PulseGeneratorN:pulse_generator"
Info (278001): Inferred 1 megafunctions from design logic
    Info (278004): Inferred divider/modulo megafunction ("lpm_divide") from the following logic: "PulseGeneratorN:pulse_generator|Mod0" File: /home/maomv/Repositories/laboratorio-de-sistemas-digitais/aula08/parte01/PulseGeneratorN.vhd Line: 32
Info (12130): Elaborated megafunction instantiation "PulseGeneratorN:pulse_generator|lpm_divide:Mod0" File: /home/maomv/Repositories/laboratorio-de-sistemas-digitais/aula08/parte01/PulseGeneratorN.vhd Line: 32
Info (12133): Instantiated megafunction "PulseGeneratorN:pulse_generator|lpm_divide:Mod0" with the following parameter: File: /home/maomv/Repositories/laboratorio-de-sistemas-digitais/aula08/parte01/PulseGeneratorN.vhd Line: 32
    Info (12134): Parameter "LPM_WIDTHN" = "20"
    Info (12134): Parameter "LPM_WIDTHD" = "20"
    Info (12134): Parameter "LPM_NREPRESENTATION" = "UNSIGNED"
    Info (12134): Parameter "LPM_DREPRESENTATION" = "UNSIGNED"
Info (12021): Found 1 design units, including 1 entities, in source file db/lpm_divide_ecm.tdf
    Info (12023): Found entity 1: lpm_divide_ecm File: /home/maomv/Repositories/laboratorio-de-sistemas-digitais/aula08/parte01/db/lpm_divide_ecm.tdf Line: 25
Info (12021): Found 1 design units, including 1 entities, in source file db/sign_div_unsign_3nh.tdf
    Info (12023): Found entity 1: sign_div_unsign_3nh File: /home/maomv/Repositories/laboratorio-de-sistemas-digitais/aula08/parte01/db/sign_div_unsign_3nh.tdf Line: 25
Info (12021): Found 1 design units, including 1 entities, in source file db/alt_u_div_q9f.tdf
    Info (12023): Found entity 1: alt_u_div_q9f File: /home/maomv/Repositories/laboratorio-de-sistemas-digitais/aula08/parte01/db/alt_u_div_q9f.tdf Line: 27
Info (12021): Found 1 design units, including 1 entities, in source file db/add_sub_7pc.tdf
    Info (12023): Found entity 1: add_sub_7pc File: /home/maomv/Repositories/laboratorio-de-sistemas-digitais/aula08/parte01/db/add_sub_7pc.tdf Line: 23
Info (12021): Found 1 design units, including 1 entities, in source file db/add_sub_8pc.tdf
    Info (12023): Found entity 1: add_sub_8pc File: /home/maomv/Repositories/laboratorio-de-sistemas-digitais/aula08/parte01/db/add_sub_8pc.tdf Line: 23
Warning (13024): Output pins are stuck at VCC or GND
    Warning (13410): Pin "LEDG[7]" is stuck at GND
    Warning (13410): Pin "LEDG[6]" is stuck at GND
    Warning (13410): Pin "LEDG[5]" is stuck at GND
    Warning (13410): Pin "LEDG[0]" is stuck at GND
Info (286030): Timing-Driven Synthesis is running
Info (16010): Generating hard_block partition "hard_block:auto_generated_inst"
    Info (16011): Adding 0 node(s), including 0 DDIO, 0 PLL, 0 transceiver and 0 LCELL
Warning (21074): Design contains 1 input pin(s) that do not drive logic
    Warning (15610): No output dependent on input pin "KEY[2]"
Info (21057): Implemented 597 device resources after synthesis - the final resource count might be different
    Info (21058): Implemented 5 input pins
    Info (21059): Implemented 37 output pins
    Info (21061): Implemented 555 logic cells
Info: Quartus Prime Analysis & Synthesis was successful. 0 errors, 8 warnings
    Info: Peak virtual memory: 954 megabytes
    Info: Processing ended: Thu May 26 10:26:56 2022
    Info: Elapsed time: 00:00:10
    Info: Total CPU time (on all processors): 00:00:19


