Flow report for DebugDemo
Thu May  5 10:40:22 2022
Quartus Prime Version 19.1.0 Build 670 09/22/2019 SJ Lite Edition


---------------------
; Table of Contents ;
---------------------
  1. Legal Notice
  2. Flow Summary
  3. Flow Settings
  4. Flow Non-Default Global Settings
  5. Flow Elapsed Time
  6. Flow OS Summary
  7. Flow Log
  8. Flow Messages
  9. Flow Suppressed Messages



----------------
; Legal Notice ;
----------------
Copyright (C) 2019  Intel Corporation. All rights reserved.
Your use of Intel Corporation's design tools, logic functions 
and other software and tools, and any partner logic 
functions, and any output files from any of the foregoing 
(including device programming or simulation files), and any 
associated documentation or information are expressly subject 
to the terms and conditions of the Intel Program License 
Subscription Agreement, the Intel Quartus Prime License Agreement,
the Intel FPGA IP License Agreement, or other applicable license
agreement, including, without limitation, that your use is for
the sole purpose of programming logic devices manufactured by
Intel and sold by Intel or its authorized distributors.  Please
refer to the applicable agreement for further details, at
https://fpgasoftware.intel.com/eula.



+----------------------------------------------------------------------------------+
; Flow Summary                                                                     ;
+------------------------------------+---------------------------------------------+
; Flow Status                        ; Successful - Thu May  5 10:40:22 2022       ;
; Quartus Prime Version              ; 19.1.0 Build 670 09/22/2019 SJ Lite Edition ;
; Revision Name                      ; DebugDemo                                   ;
; Top-level Entity Name              ; debugdemo                                   ;
; Family                             ; Cyclone IV E                                ;
; Device                             ; EP4CE115F29C7                               ;
; Timing Models                      ; Final                                       ;
; Total logic elements               ; 1,276 / 114,480 ( 1 % )                     ;
;     Total combinational functions  ; 813 / 114,480 ( < 1 % )                     ;
;     Dedicated logic registers      ; 952 / 114,480 ( < 1 % )                     ;
; Total registers                    ; 952                                         ;
; Total pins                         ; 21 / 529 ( 4 % )                            ;
; Total virtual pins                 ; 0                                           ;
; Total memory bits                  ; 2,097,152 / 3,981,312 ( 53 % )              ;
; Embedded Multiplier 9-bit elements ; 0 / 532 ( 0 % )                             ;
; Total PLLs                         ; 0 / 4 ( 0 % )                               ;
+------------------------------------+---------------------------------------------+


+-----------------------------------------+
; Flow Settings                           ;
+-------------------+---------------------+
; Option            ; Setting             ;
+-------------------+---------------------+
; Start date & time ; 05/05/2022 10:39:31 ;
; Main task         ; Compilation         ;
; Revision Name     ; DebugDemo           ;
+-------------------+---------------------+


+-----------------------------------------------------------------------------------------------------------------------------------------------------------------------------------------------------------------------------------------------------------+
; Flow Non-Default Global Settings                                                                                                                                                                                                                          ;
+-------------------------------------+---------------------------------------------------------------------------------------------------------------------------------------------------+---------------+-------------+-----------------------------------+
; Assignment Name                     ; Value                                                                                                                                             ; Default Value ; Entity Name ; Section Id                        ;
+-------------------------------------+---------------------------------------------------------------------------------------------------------------------------------------------------+---------------+-------------+-----------------------------------+
; COMPILER_SIGNATURE_ID               ; 115052579713273.165174357105329                                                                                                                   ; --            ; --          ; --                                ;
; EDA_GENERATE_FUNCTIONAL_NETLIST     ; Off                                                                                                                                               ; --            ; --          ; eda_board_design_timing           ;
; EDA_GENERATE_FUNCTIONAL_NETLIST     ; Off                                                                                                                                               ; --            ; --          ; eda_board_design_boundary_scan    ;
; EDA_GENERATE_FUNCTIONAL_NETLIST     ; Off                                                                                                                                               ; --            ; --          ; eda_board_design_signal_integrity ;
; EDA_GENERATE_FUNCTIONAL_NETLIST     ; Off                                                                                                                                               ; --            ; --          ; eda_board_design_symbol           ;
; EDA_OUTPUT_DATA_FORMAT              ; Vhdl                                                                                                                                              ; --            ; --          ; eda_simulation                    ;
; EDA_SIMULATION_TOOL                 ; ModelSim-Altera (VHDL)                                                                                                                            ; <None>        ; --          ; --                                ;
; EDA_TIME_SCALE                      ; 1 ps                                                                                                                                              ; --            ; --          ; eda_simulation                    ;
; ENABLE_SIGNALTAP                    ; On                                                                                                                                                ; --            ; --          ; --                                ;
; MAX_CORE_JUNCTION_TEMP              ; 85                                                                                                                                                ; --            ; --          ; --                                ;
; MIN_CORE_JUNCTION_TEMP              ; 0                                                                                                                                                 ; --            ; --          ; --                                ;
; NOMINAL_CORE_SUPPLY_VOLTAGE         ; 1.2V                                                                                                                                              ; --            ; --          ; --                                ;
; PARTITION_COLOR                     ; -- (Not supported for targeted family)                                                                                                            ; --            ; --          ; Top                               ;
; PARTITION_FITTER_PRESERVATION_LEVEL ; -- (Not supported for targeted family)                                                                                                            ; --            ; --          ; Top                               ;
; PARTITION_NETLIST_TYPE              ; -- (Not supported for targeted family)                                                                                                            ; --            ; --          ; Top                               ;
; PROJECT_OUTPUT_DIRECTORY            ; output_files                                                                                                                                      ; --            ; --          ; --                                ;
; SLD_FILE                            ; db/DebugDemoTurn_auto_stripped.stp                                                                                                                ; --            ; --          ; --                                ;
; SLD_NODE_CREATOR_ID                 ; 110                                                                                                                                               ; --            ; --          ; auto_signaltap_0                  ;
; SLD_NODE_ENTITY_NAME                ; sld_signaltap                                                                                                                                     ; --            ; --          ; auto_signaltap_0                  ;
; SLD_NODE_PARAMETER_ASSIGNMENT       ; SLD_RAM_BLOCK_TYPE=AUTO                                                                                                                           ; --            ; --          ; auto_signaltap_0                  ;
; SLD_NODE_PARAMETER_ASSIGNMENT       ; SLD_DATA_BITS=32                                                                                                                                  ; --            ; --          ; auto_signaltap_0                  ;
; SLD_NODE_PARAMETER_ASSIGNMENT       ; SLD_TRIGGER_BITS=32                                                                                                                               ; --            ; --          ; auto_signaltap_0                  ;
; SLD_NODE_PARAMETER_ASSIGNMENT       ; SLD_STORAGE_QUALIFIER_BITS=32                                                                                                                     ; --            ; --          ; auto_signaltap_0                  ;
; SLD_NODE_PARAMETER_ASSIGNMENT       ; SLD_NODE_INFO=805334528                                                                                                                           ; --            ; --          ; auto_signaltap_0                  ;
; SLD_NODE_PARAMETER_ASSIGNMENT       ; SLD_POWER_UP_TRIGGER=0                                                                                                                            ; --            ; --          ; auto_signaltap_0                  ;
; SLD_NODE_PARAMETER_ASSIGNMENT       ; SLD_STORAGE_QUALIFIER_INVERSION_MASK_LENGTH=0                                                                                                     ; --            ; --          ; auto_signaltap_0                  ;
; SLD_NODE_PARAMETER_ASSIGNMENT       ; SLD_ATTRIBUTE_MEM_MODE=OFF                                                                                                                        ; --            ; --          ; auto_signaltap_0                  ;
; SLD_NODE_PARAMETER_ASSIGNMENT       ; SLD_STATE_FLOW_USE_GENERATED=0                                                                                                                    ; --            ; --          ; auto_signaltap_0                  ;
; SLD_NODE_PARAMETER_ASSIGNMENT       ; SLD_STATE_BITS=11                                                                                                                                 ; --            ; --          ; auto_signaltap_0                  ;
; SLD_NODE_PARAMETER_ASSIGNMENT       ; SLD_BUFFER_FULL_STOP=1                                                                                                                            ; --            ; --          ; auto_signaltap_0                  ;
; SLD_NODE_PARAMETER_ASSIGNMENT       ; SLD_CURRENT_RESOURCE_WIDTH=1                                                                                                                      ; --            ; --          ; auto_signaltap_0                  ;
; SLD_NODE_PARAMETER_ASSIGNMENT       ; SLD_INCREMENTAL_ROUTING=1                                                                                                                         ; --            ; --          ; auto_signaltap_0                  ;
; SLD_NODE_PARAMETER_ASSIGNMENT       ; SLD_TRIGGER_LEVEL=1                                                                                                                               ; --            ; --          ; auto_signaltap_0                  ;
; SLD_NODE_PARAMETER_ASSIGNMENT       ; SLD_TRIGGER_IN_ENABLED=0                                                                                                                          ; --            ; --          ; auto_signaltap_0                  ;
; SLD_NODE_PARAMETER_ASSIGNMENT       ; SLD_TRIGGER_PIPELINE=0                                                                                                                            ; --            ; --          ; auto_signaltap_0                  ;
; SLD_NODE_PARAMETER_ASSIGNMENT       ; SLD_RAM_PIPELINE=0                                                                                                                                ; --            ; --          ; auto_signaltap_0                  ;
; SLD_NODE_PARAMETER_ASSIGNMENT       ; SLD_COUNTER_PIPELINE=0                                                                                                                            ; --            ; --          ; auto_signaltap_0                  ;
; SLD_NODE_PARAMETER_ASSIGNMENT       ; SLD_ADVANCED_TRIGGER_ENTITY=basic,1,                                                                                                              ; --            ; --          ; auto_signaltap_0                  ;
; SLD_NODE_PARAMETER_ASSIGNMENT       ; SLD_TRIGGER_LEVEL_PIPELINE=1                                                                                                                      ; --            ; --          ; auto_signaltap_0                  ;
; SLD_NODE_PARAMETER_ASSIGNMENT       ; SLD_ENABLE_ADVANCED_TRIGGER=0                                                                                                                     ; --            ; --          ; auto_signaltap_0                  ;
; SLD_NODE_PARAMETER_ASSIGNMENT       ; SLD_INVERSION_MASK=000000000000000000000000000000000000000000000000000000000000000000000000000000000000000000000000000000000000000000000000000000 ; --            ; --          ; auto_signaltap_0                  ;
; SLD_NODE_PARAMETER_ASSIGNMENT       ; SLD_INVERSION_MASK_LENGTH=126                                                                                                                     ; --            ; --          ; auto_signaltap_0                  ;
; SLD_NODE_PARAMETER_ASSIGNMENT       ; SLD_SEGMENT_SIZE=65536                                                                                                                            ; --            ; --          ; auto_signaltap_0                  ;
; SLD_NODE_PARAMETER_ASSIGNMENT       ; SLD_SAMPLE_DEPTH=65536                                                                                                                            ; --            ; --          ; auto_signaltap_0                  ;
; USE_SIGNALTAP_FILE                  ; DebugDemoTurn.stp                                                                                                                                 ; --            ; --          ; --                                ;
+-------------------------------------+---------------------------------------------------------------------------------------------------------------------------------------------------+---------------+-------------+-----------------------------------+


+--------------------------------------------------------------------------------------------------------------------------+
; Flow Elapsed Time                                                                                                        ;
+----------------------+--------------+-------------------------+---------------------+------------------------------------+
; Module Name          ; Elapsed Time ; Average Processors Used ; Peak Virtual Memory ; Total CPU Time (on all processors) ;
+----------------------+--------------+-------------------------+---------------------+------------------------------------+
; Analysis & Synthesis ; 00:00:21     ; 1.0                     ; 1009 MB             ; 00:00:41                           ;
; Fitter               ; 00:00:17     ; 1.0                     ; 1444 MB             ; 00:00:23                           ;
; Assembler            ; 00:00:04     ; 1.0                     ; 820 MB              ; 00:00:04                           ;
; Timing Analyzer      ; 00:00:03     ; 1.1                     ; 895 MB              ; 00:00:03                           ;
; EDA Netlist Writer   ; 00:00:03     ; 1.0                     ; 1048 MB             ; 00:00:03                           ;
; Total                ; 00:00:48     ; --                      ; --                  ; 00:01:14                           ;
+----------------------+--------------+-------------------------+---------------------+------------------------------------+


+----------------------------------------------------------------------------------------+
; Flow OS Summary                                                                        ;
+----------------------+------------------+----------------+------------+----------------+
; Module Name          ; Machine Hostname ; OS Name        ; OS Version ; Processor type ;
+----------------------+------------------+----------------+------------+----------------+
; Analysis & Synthesis ; vpub             ; Ubuntu 20.04.4 ; 20         ; x86_64         ;
; Fitter               ; vpub             ; Ubuntu 20.04.4 ; 20         ; x86_64         ;
; Assembler            ; vpub             ; Ubuntu 20.04.4 ; 20         ; x86_64         ;
; Timing Analyzer      ; vpub             ; Ubuntu 20.04.4 ; 20         ; x86_64         ;
; EDA Netlist Writer   ; vpub             ; Ubuntu 20.04.4 ; 20         ; x86_64         ;
+----------------------+------------------+----------------+------------+----------------+


------------
; Flow Log ;
------------
quartus_map --read_settings_files=on --write_settings_files=off DebugDemo -c DebugDemo
quartus_fit --read_settings_files=off --write_settings_files=off DebugDemo -c DebugDemo
quartus_asm --read_settings_files=off --write_settings_files=off DebugDemo -c DebugDemo
quartus_sta DebugDemo -c DebugDemo
quartus_eda --read_settings_files=off --write_settings_files=off DebugDemo -c DebugDemo



