Flow report for FreqDivider_Demo
Mon Apr 11 11:55:12 2022
Quartus Prime Version 19.1.0 Build 670 09/22/2019 SJ Lite Edition


---------------------
; Table of Contents ;
---------------------
  1. Legal Notice
  2. Flow Summary
  3. Flow Settings
  4. Flow Non-Default Global Settings
  5. Flow Elapsed Time
  6. Flow OS Summary
  7. Flow Log
  8. Flow Messages
  9. Flow Suppressed Messages



----------------
; Legal Notice ;
----------------
Copyright (C) 2019  Intel Corporation. All rights reserved.
Your use of Intel Corporation's design tools, logic functions 
and other software and tools, and any partner logic 
functions, and any output files from any of the foregoing 
(including device programming or simulation files), and any 
associated documentation or information are expressly subject 
to the terms and conditions of the Intel Program License 
Subscription Agreement, the Intel Quartus Prime License Agreement,
the Intel FPGA IP License Agreement, or other applicable license
agreement, including, without limitation, that your use is for
the sole purpose of programming logic devices manufactured by
Intel and sold by Intel or its authorized distributors.  Please
refer to the applicable agreement for further details, at
https://fpgasoftware.intel.com/eula.



+----------------------------------------------------------------------------------+
; Flow Summary                                                                     ;
+------------------------------------+---------------------------------------------+
; Flow Status                        ; Successful - Mon Apr 11 11:55:12 2022       ;
; Quartus Prime Version              ; 19.1.0 Build 670 09/22/2019 SJ Lite Edition ;
; Revision Name                      ; FreqDivider_Demo                            ;
; Top-level Entity Name              ; freqdivider                                 ;
; Family                             ; Cyclone IV E                                ;
; Device                             ; EP4CE115F29C7                               ;
; Timing Models                      ; Final                                       ;
; Total logic elements               ; 107                                         ;
;     Total combinational functions  ; 107                                         ;
;     Dedicated logic registers      ; 33                                          ;
; Total registers                    ; 33                                          ;
; Total pins                         ; 34                                          ;
; Total virtual pins                 ; 0                                           ;
; Total memory bits                  ; 0                                           ;
; Embedded Multiplier 9-bit elements ; 0                                           ;
; Total PLLs                         ; 0                                           ;
+------------------------------------+---------------------------------------------+


+-----------------------------------------+
; Flow Settings                           ;
+-------------------+---------------------+
; Option            ; Setting             ;
+-------------------+---------------------+
; Start date & time ; 04/11/2022 11:54:59 ;
; Main task         ; Compilation         ;
; Revision Name     ; FreqDivider_Demo    ;
+-------------------+---------------------+


+---------------------------------------------------------------------------------------------------------------------------------------------------+
; Flow Non-Default Global Settings                                                                                                                  ;
+-------------------------------------+----------------------------------------+------------------+-------------+-----------------------------------+
; Assignment Name                     ; Value                                  ; Default Value    ; Entity Name ; Section Id                        ;
+-------------------------------------+----------------------------------------+------------------+-------------+-----------------------------------+
; COMPILER_SIGNATURE_ID               ; 115052579713273.164967449910449        ; --               ; --          ; --                                ;
; EDA_GENERATE_FUNCTIONAL_NETLIST     ; Off                                    ; --               ; --          ; eda_board_design_timing           ;
; EDA_GENERATE_FUNCTIONAL_NETLIST     ; Off                                    ; --               ; --          ; eda_board_design_boundary_scan    ;
; EDA_GENERATE_FUNCTIONAL_NETLIST     ; Off                                    ; --               ; --          ; eda_board_design_signal_integrity ;
; EDA_GENERATE_FUNCTIONAL_NETLIST     ; Off                                    ; --               ; --          ; eda_board_design_symbol           ;
; EDA_OUTPUT_DATA_FORMAT              ; Vhdl                                   ; --               ; --          ; eda_simulation                    ;
; EDA_SIMULATION_TOOL                 ; ModelSim-Altera (VHDL)                 ; <None>           ; --          ; --                                ;
; EDA_TIME_SCALE                      ; 1 ps                                   ; --               ; --          ; eda_simulation                    ;
; MAX_CORE_JUNCTION_TEMP              ; 85                                     ; --               ; --          ; --                                ;
; MIN_CORE_JUNCTION_TEMP              ; 0                                      ; --               ; --          ; --                                ;
; NOMINAL_CORE_SUPPLY_VOLTAGE         ; 1.2V                                   ; --               ; --          ; --                                ;
; PARTITION_COLOR                     ; -- (Not supported for targeted family) ; --               ; FreqDivider ; Top                               ;
; PARTITION_FITTER_PRESERVATION_LEVEL ; -- (Not supported for targeted family) ; --               ; FreqDivider ; Top                               ;
; PARTITION_NETLIST_TYPE              ; -- (Not supported for targeted family) ; --               ; FreqDivider ; Top                               ;
; PROJECT_OUTPUT_DIRECTORY            ; output_files                           ; --               ; --          ; --                                ;
; TOP_LEVEL_ENTITY                    ; FreqDivider                            ; FreqDivider_Demo ; --          ; --                                ;
+-------------------------------------+----------------------------------------+------------------+-------------+-----------------------------------+


+--------------------------------------------------------------------------------------------------------------------------+
; Flow Elapsed Time                                                                                                        ;
+----------------------+--------------+-------------------------+---------------------+------------------------------------+
; Module Name          ; Elapsed Time ; Average Processors Used ; Peak Virtual Memory ; Total CPU Time (on all processors) ;
+----------------------+--------------+-------------------------+---------------------+------------------------------------+
; Analysis & Synthesis ; 00:00:09     ; 1.0                     ; 912 MB              ; 00:00:20                           ;
; EDA Netlist Writer   ; 00:00:01     ; 1.0                     ; 1026 MB             ; 00:00:00                           ;
; EDA Netlist Writer   ; 00:00:01     ; 1.0                     ; 1029 MB             ; 00:00:00                           ;
; Total                ; 00:00:11     ; --                      ; --                  ; 00:00:20                           ;
+----------------------+--------------+-------------------------+---------------------+------------------------------------+


+----------------------------------------------------------------------------------------+
; Flow OS Summary                                                                        ;
+----------------------+------------------+----------------+------------+----------------+
; Module Name          ; Machine Hostname ; OS Name        ; OS Version ; Processor type ;
+----------------------+------------------+----------------+------------+----------------+
; Analysis & Synthesis ; vpub             ; Ubuntu 20.04.4 ; 20         ; x86_64         ;
; EDA Netlist Writer   ; vpub             ; Ubuntu 20.04.4 ; 20         ; x86_64         ;
; EDA Netlist Writer   ; vpub             ; Ubuntu 20.04.4 ; 20         ; x86_64         ;
+----------------------+------------------+----------------+------------+----------------+


------------
; Flow Log ;
------------
quartus_map --read_settings_files=on --write_settings_files=off FreqDivider_Demo -c FreqDivider_Demo
quartus_eda --gen_testbench --tool=modelsim_oem --format=vhdl --write_settings_files=off FreqDivider_Demo -c FreqDivider_Demo --vector_source=/home/maomv/Repositories/laboratorio-de-sistemas-digitais/aula04/parte04/FreqDividerSim.vwf --testbench_file=/home/maomv/Repositories/laboratorio-de-sistemas-digitais/aula04/parte04/simulation/qsim/FreqDividerSim.vwf.vht
quartus_eda --write_settings_files=off --simulation=on --functional=on --flatten_buses=off --tool=modelsim_oem --format=vhdl --output_directory=/home/maomv/Repositories/laboratorio-de-sistemas-digitais/aula04/parte04/simulation/qsim/ FreqDivider_Demo -c FreqDivider_Demo



